e:\mydown\newdx11hook\newdx11hook\debug\vc141.pdb
e:\mydown\newdx11hook\newdx11hook\debug\vc141.idb
e:\mydown\newdx11hook\newdx11hook\debug\cfw1textgeometry.obj
e:\mydown\newdx11hook\newdx11hook\debug\cfw1statesaver.obj
e:\mydown\newdx11hook\newdx11hook\debug\cfw1glyphvertexdrawerinterface.obj
e:\mydown\newdx11hook\newdx11hook\debug\cfw1glyphvertexdrawer.obj
e:\mydown\newdx11hook\newdx11hook\debug\cfw1glyphsheetinterface.obj
e:\mydown\newdx11hook\newdx11hook\debug\cfw1glyphsheet.obj
e:\mydown\newdx11hook\newdx11hook\debug\cfw1glyphrenderstatesinterface.obj
e:\mydown\newdx11hook\newdx11hook\debug\cfw1glyphrenderstates.obj
e:\mydown\newdx11hook\newdx11hook\debug\cfw1glyphproviderinterface.obj
e:\mydown\newdx11hook\newdx11hook\debug\cfw1glyphprovider.obj
e:\mydown\newdx11hook\newdx11hook\debug\cfw1glyphatlasinterface.obj
e:\mydown\newdx11hook\newdx11hook\debug\cfw1glyphatlas.obj
e:\mydown\newdx11hook\newdx11hook\debug\cfw1fontwrapperinterface.obj
e:\mydown\newdx11hook\newdx11hook\debug\cfw1fontwrapper.obj
e:\mydown\newdx11hook\newdx11hook\debug\cfw1factoryinterface.obj
e:\mydown\newdx11hook\newdx11hook\debug\cfw1factory.obj
e:\mydown\newdx11hook\newdx11hook\debug\cfw1dwriterendertargetinterface.obj
e:\mydown\newdx11hook\newdx11hook\debug\cfw1dwriterendertarget.obj
e:\mydown\newdx11hook\newdx11hook\debug\cfw1colorrgbainterface.obj
e:\mydown\newdx11hook\newdx11hook\debug\cfw1colorrgba.obj
e:\mydown\newdx11hook\newdx11hook\debug\main.obj
e:\mydown\newdx11hook\newdx11hook\debug\imgui_impl_dx11.obj
e:\mydown\newdx11hook\newdx11hook\debug\imgui_draw.obj
e:\mydown\newdx11hook\newdx11hook\debug\imgui.obj
e:\mydown\newdx11hook\newdx11hook\debug\fw1precompiled.obj
e:\mydown\newdx11hook\newdx11hook\debug\fw1fontwrapper.obj
e:\mydown\newdx11hook\newdx11hook\debug\drawutil.obj
e:\mydown\newdx11hook\newdx11hook\debug\cfw1textrendererinterface.obj
e:\mydown\newdx11hook\newdx11hook\debug\cfw1textrenderer.obj
e:\mydown\newdx11hook\newdx11hook\debug\cfw1textgeometryinterface.obj
e:\mydown\newdx11hook\debug\newdx11hook.dll
e:\mydown\newdx11hook\newdx11hook\debug\newdx11hook.tlog\cl.command.1.tlog
e:\mydown\newdx11hook\newdx11hook\debug\newdx11hook.tlog\cl.read.1.tlog
e:\mydown\newdx11hook\newdx11hook\debug\newdx11hook.tlog\cl.write.1.tlog
e:\mydown\newdx11hook\newdx11hook\debug\newdx11hook.tlog\link.command.1.tlog
e:\mydown\newdx11hook\newdx11hook\debug\newdx11hook.tlog\link.read.1.tlog
e:\mydown\newdx11hook\newdx11hook\debug\newdx11hook.tlog\link.write.1.tlog
